d9433527a3cd
*** Found local files:
***   * /opt/airflow/logs/dag_id=hello_world/run_id=manual__2023-05-23T14:44:52.543379+00:00/task_id=prepare_dir/attempt=1.log
[2023-05-23T14:44:56.682+0000] {taskinstance.py:1103} INFO - Dependencies all met for dep_context=non-requeueable deps ti=<TaskInstance: hello_world.prepare_dir manual__2023-05-23T14:44:52.543379+00:00 [queued]>
[2023-05-23T14:44:56.690+0000] {taskinstance.py:1103} INFO - Dependencies all met for dep_context=requeueable deps ti=<TaskInstance: hello_world.prepare_dir manual__2023-05-23T14:44:52.543379+00:00 [queued]>
[2023-05-23T14:44:56.690+0000] {taskinstance.py:1308} INFO - Starting attempt 1 of 1
[2023-05-23T14:44:56.707+0000] {taskinstance.py:1327} INFO - Executing <Task(BashOperator): prepare_dir> on 2023-05-23 14:44:52.543379+00:00
[2023-05-23T14:44:56.711+0000] {standard_task_runner.py:57} INFO - Started process 64 to run task
[2023-05-23T14:44:56.715+0000] {standard_task_runner.py:84} INFO - Running: ['airflow', 'tasks', 'run', 'hello_world', 'prepare_dir', 'manual__2023-05-23T14:44:52.543379+00:00', '--job-id', '3', '--raw', '--subdir', 'DAGS_FOLDER/hello.py', '--cfg-path', '/tmp/tmpiyt08v_k']
[2023-05-23T14:44:56.716+0000] {standard_task_runner.py:85} INFO - Job 3: Subtask prepare_dir
[2023-05-23T14:44:56.755+0000] {task_command.py:410} INFO - Running <TaskInstance: hello_world.prepare_dir manual__2023-05-23T14:44:52.543379+00:00 [running]> on host d9433527a3cd
[2023-05-23T14:44:57.082+0000] {taskinstance.py:1547} INFO - Exporting env vars: AIRFLOW_CTX_DAG_OWNER='airflow' AIRFLOW_CTX_DAG_ID='hello_world' AIRFLOW_CTX_TASK_ID='prepare_dir' AIRFLOW_CTX_EXECUTION_DATE='2023-05-23T14:44:52.543379+00:00' AIRFLOW_CTX_TRY_NUMBER='1' AIRFLOW_CTX_DAG_RUN_ID='manual__2023-05-23T14:44:52.543379+00:00'
[2023-05-23T14:44:57.083+0000] {subprocess.py:63} INFO - Tmp dir root location: 
 /tmp
[2023-05-23T14:44:57.083+0000] {subprocess.py:75} INFO - Running command: ['/bin/bash', '-c', "echo 'hello from hello world'"]
[2023-05-23T14:44:57.090+0000] {subprocess.py:86} INFO - Output:
[2023-05-23T14:44:57.093+0000] {subprocess.py:93} INFO - hello from hello world
[2023-05-23T14:44:57.093+0000] {subprocess.py:97} INFO - Command exited with return code 0
[2023-05-23T14:44:57.121+0000] {taskinstance.py:1350} INFO - Marking task as SUCCESS. dag_id=hello_world, task_id=prepare_dir, execution_date=20230523T144452, start_date=20230523T144456, end_date=20230523T144457
[2023-05-23T14:44:57.167+0000] {local_task_job_runner.py:225} INFO - Task exited with return code 0
[2023-05-23T14:44:57.191+0000] {taskinstance.py:2651} INFO - 0 downstream tasks scheduled from follow-on schedule check
