[2023-05-23T15:26:00.397+0000] {taskinstance.py:1103} INFO - Dependencies all met for dep_context=non-requeueable deps ti=<TaskInstance: bio_pipeline.bwa_id manual__2023-05-23T15:25:52.201597+00:00 [queued]>
[2023-05-23T15:26:00.407+0000] {taskinstance.py:1103} INFO - Dependencies all met for dep_context=requeueable deps ti=<TaskInstance: bio_pipeline.bwa_id manual__2023-05-23T15:25:52.201597+00:00 [queued]>
[2023-05-23T15:26:00.407+0000] {taskinstance.py:1308} INFO - Starting attempt 1 of 1
[2023-05-23T15:26:00.424+0000] {taskinstance.py:1327} INFO - Executing <Task(BashOperator): bwa_id> on 2023-05-23 15:25:52.201597+00:00
[2023-05-23T15:26:00.428+0000] {standard_task_runner.py:57} INFO - Started process 72 to run task
[2023-05-23T15:26:00.431+0000] {standard_task_runner.py:84} INFO - Running: ['airflow', 'tasks', 'run', 'bio_pipeline', 'bwa_id', 'manual__2023-05-23T15:25:52.201597+00:00', '--job-id', '4', '--raw', '--subdir', 'DAGS_FOLDER/pipeline.py', '--cfg-path', '/tmp/tmp3hgb3f6b']
[2023-05-23T15:26:00.432+0000] {standard_task_runner.py:85} INFO - Job 4: Subtask bwa_id
[2023-05-23T15:26:00.475+0000] {task_command.py:410} INFO - Running <TaskInstance: bio_pipeline.bwa_id manual__2023-05-23T15:25:52.201597+00:00 [running]> on host 499b68c3ade1
[2023-05-23T15:26:00.792+0000] {taskinstance.py:1547} INFO - Exporting env vars: AIRFLOW_CTX_DAG_OWNER='airflow' AIRFLOW_CTX_DAG_ID='bio_pipeline' AIRFLOW_CTX_TASK_ID='bwa_id' AIRFLOW_CTX_EXECUTION_DATE='2023-05-23T15:25:52.201597+00:00' AIRFLOW_CTX_TRY_NUMBER='1' AIRFLOW_CTX_DAG_RUN_ID='manual__2023-05-23T15:25:52.201597+00:00'
[2023-05-23T15:26:00.793+0000] {subprocess.py:63} INFO - Tmp dir root location: 
 /tmp
[2023-05-23T15:26:00.794+0000] {subprocess.py:75} INFO - Running command: ['/bin/bash', '-c', "minimap2 -a -t $(nproc) '/host/et_ecoli.fna' '/host/et_ecoli.fna' '/host/SRR24502286.fasta' > '/host/ecoli_out/result.sam'"]
[2023-05-23T15:26:00.802+0000] {subprocess.py:86} INFO - Output:
[2023-05-23T15:26:00.968+0000] {subprocess.py:93} INFO - [M::mm_idx_gen::0.159*1.00] collected minimizers
[2023-05-23T15:26:01.014+0000] {subprocess.py:93} INFO - [M::mm_idx_gen::0.205*1.48] sorted minimizers
[2023-05-23T15:26:01.015+0000] {subprocess.py:93} INFO - [M::main::0.205*1.48] loaded/built the index for 1 target sequence(s)
[2023-05-23T15:26:01.034+0000] {subprocess.py:93} INFO - [M::mm_mapopt_update::0.225*1.44] mid_occ = 12
[2023-05-23T15:26:01.035+0000] {subprocess.py:93} INFO - [M::mm_idx_stat] kmer size: 15; skip: 10; is_hpc: 0; #seq: 1
[2023-05-23T15:26:01.048+0000] {subprocess.py:93} INFO - [M::mm_idx_stat::0.239*1.41] distinct minimizers: 838542 (98.18% are singletons); average occurrences: 1.034; average spacing: 5.352
[2023-05-23T15:26:03.973+0000] {subprocess.py:93} INFO - [M::worker_pipeline::3.164*1.02] mapped 1 sequences
[2023-05-23T15:26:13.165+0000] {subprocess.py:93} INFO - [M::worker_pipeline::12.356*4.84] mapped 13760 sequences
[2023-05-23T15:26:13.181+0000] {subprocess.py:93} INFO - [M::main] Version: 2.17-r941
[2023-05-23T15:26:13.181+0000] {subprocess.py:93} INFO - [M::main] CMD: minimap2 -a -t 8 /host/et_ecoli.fna /host/et_ecoli.fna /host/SRR24502286.fasta
[2023-05-23T15:26:13.182+0000] {subprocess.py:93} INFO - [M::main] Real time: 12.372 sec; CPU: 59.847 sec; Peak RSS: 0.389 GB
[2023-05-23T15:26:13.193+0000] {subprocess.py:97} INFO - Command exited with return code 0
[2023-05-23T15:26:13.229+0000] {taskinstance.py:1350} INFO - Marking task as SUCCESS. dag_id=bio_pipeline, task_id=bwa_id, execution_date=20230523T152552, start_date=20230523T152600, end_date=20230523T152613
[2023-05-23T15:26:13.258+0000] {local_task_job_runner.py:225} INFO - Task exited with return code 0
[2023-05-23T15:26:13.291+0000] {taskinstance.py:2651} INFO - 1 downstream tasks scheduled from follow-on schedule check
